0 info it worked if it ends with ok
1 verbose cli [ 'node', '/usr/local/bin/npm', 'update', 'caniuse-db' ]
2 info using npm@1.4.28
3 info using node@v0.10.35
4 verbose request where is /caniuse-db
5 verbose request registry https://registry.npmjs.org/
6 verbose request id 5ad1592d53f12c6b
7 verbose url raw /caniuse-db
8 verbose url resolving [ 'https://registry.npmjs.org/', './caniuse-db' ]
9 verbose url resolved https://registry.npmjs.org/caniuse-db
10 verbose request where is https://registry.npmjs.org/caniuse-db
11 info trying registry request attempt 1 at 16:57:23
12 verbose etag "8IMKJ5BSOVHXY9JREUS6HUVJE"
13 http GET https://registry.npmjs.org/caniuse-db
14 verbose request where is /caniuse-db
15 verbose request registry https://registry.npmjs.org/
16 verbose url raw /caniuse-db
17 verbose url resolving [ 'https://registry.npmjs.org/', './caniuse-db' ]
18 verbose url resolved https://registry.npmjs.org/caniuse-db
19 verbose request where is https://registry.npmjs.org/caniuse-db
20 info trying registry request attempt 1 at 16:57:23
21 verbose etag "8IMKJ5BSOVHXY9JREUS6HUVJE"
22 http GET https://registry.npmjs.org/caniuse-db
23 http 200 https://registry.npmjs.org/caniuse-db
24 silly registry.get cb [ 200,
24 silly registry.get   { server: 'CouchDB/1.5.0 (Erlang OTP/R16B03)',
24 silly registry.get     etag: '"94O92C4VR39G2B1O3T4R0TUYS"',
24 silly registry.get     'content-type': 'application/json',
24 silly registry.get     'cache-control': 'max-age=60',
24 silly registry.get     'content-length': '299525',
24 silly registry.get     'accept-ranges': 'bytes',
24 silly registry.get     date: 'Mon, 13 Jul 2015 20:57:24 GMT',
24 silly registry.get     via: '1.1 varnish',
24 silly registry.get     age: '26',
24 silly registry.get     connection: 'keep-alive',
24 silly registry.get     'x-served-by': 'cache-iad2124-IAD',
24 silly registry.get     'x-cache': 'HIT',
24 silly registry.get     'x-cache-hits': '1',
24 silly registry.get     'x-timer': 'S1436821044.007446,VS0,VE5',
24 silly registry.get     vary: 'Accept' } ]
25 http 200 https://registry.npmjs.org/caniuse-db
26 silly registry.get cb [ 200,
26 silly registry.get   { server: 'CouchDB/1.5.0 (Erlang OTP/R16B03)',
26 silly registry.get     etag: '"94O92C4VR39G2B1O3T4R0TUYS"',
26 silly registry.get     'content-type': 'application/json',
26 silly registry.get     'cache-control': 'max-age=60',
26 silly registry.get     'content-length': '299525',
26 silly registry.get     'accept-ranges': 'bytes',
26 silly registry.get     date: 'Mon, 13 Jul 2015 20:57:24 GMT',
26 silly registry.get     via: '1.1 varnish',
26 silly registry.get     age: '26',
26 silly registry.get     connection: 'keep-alive',
26 silly registry.get     'x-served-by': 'cache-iad2134-IAD',
26 silly registry.get     'x-cache': 'HIT',
26 silly registry.get     'x-cache-hits': '1',
26 silly registry.get     'x-timer': 'S1436821044.006530,VS0,VE1',
26 silly registry.get     vary: 'Accept' } ]
27 info outdated updating [ [ '/Users/andrewnater/Sites/Starter/node_modules/grunt-autoprefixer/node_modules/autoprefixer-core/node_modules/browserslist',
27 info outdated     'caniuse-db',
27 info outdated     '1.0.30000217',
27 info outdated     '1.0.30000230',
27 info outdated     '1.0.30000230',
27 info outdated     '^1.0.30000153' ],
27 info outdated   [ '/Users/andrewnater/Sites/Starter/node_modules/grunt-autoprefixer/node_modules/autoprefixer-core',
27 info outdated     'caniuse-db',
27 info outdated     '1.0.30000217',
27 info outdated     '1.0.30000230',
27 info outdated     '1.0.30000230',
27 info outdated     '^1.0.30000214' ] ]
28 verbose install where,what [ '/Users/andrewnater/Sites/Starter/node_modules/grunt-autoprefixer/node_modules/autoprefixer-core/node_modules/browserslist',
28 verbose install   [ 'caniuse-db@1.0.30000230' ] ]
29 verbose install where,what [ '/Users/andrewnater/Sites/Starter/node_modules/grunt-autoprefixer/node_modules/autoprefixer-core',
29 verbose install   [ 'caniuse-db@1.0.30000230' ] ]
30 verbose readDependencies using package.json deps
31 verbose cache add [ 'caniuse-db@1.0.30000230', null ]
32 verbose cache add name=undefined spec="caniuse-db@1.0.30000230" args=["caniuse-db@1.0.30000230",null]
33 verbose parsed url { protocol: null,
33 verbose parsed url   slashes: null,
33 verbose parsed url   auth: null,
33 verbose parsed url   host: null,
33 verbose parsed url   port: null,
33 verbose parsed url   hostname: null,
33 verbose parsed url   hash: null,
33 verbose parsed url   search: null,
33 verbose parsed url   query: null,
33 verbose parsed url   pathname: 'caniuse-db@1.0.30000230',
33 verbose parsed url   path: 'caniuse-db@1.0.30000230',
33 verbose parsed url   href: 'caniuse-db@1.0.30000230' }
34 verbose readDependencies using package.json deps
35 verbose cache add [ 'caniuse-db@1.0.30000230', null ]
36 verbose cache add name=undefined spec="caniuse-db@1.0.30000230" args=["caniuse-db@1.0.30000230",null]
37 verbose parsed url { protocol: null,
37 verbose parsed url   slashes: null,
37 verbose parsed url   auth: null,
37 verbose parsed url   host: null,
37 verbose parsed url   port: null,
37 verbose parsed url   hostname: null,
37 verbose parsed url   hash: null,
37 verbose parsed url   search: null,
37 verbose parsed url   query: null,
37 verbose parsed url   pathname: 'caniuse-db@1.0.30000230',
37 verbose parsed url   path: 'caniuse-db@1.0.30000230',
37 verbose parsed url   href: 'caniuse-db@1.0.30000230' }
38 verbose cache add name="caniuse-db" spec="1.0.30000230" args=["caniuse-db","1.0.30000230"]
39 verbose parsed url { protocol: null,
39 verbose parsed url   slashes: null,
39 verbose parsed url   auth: null,
39 verbose parsed url   host: null,
39 verbose parsed url   port: null,
39 verbose parsed url   hostname: null,
39 verbose parsed url   hash: null,
39 verbose parsed url   search: null,
39 verbose parsed url   query: null,
39 verbose parsed url   pathname: '1.0.30000230',
39 verbose parsed url   path: '1.0.30000230',
39 verbose parsed url   href: '1.0.30000230' }
40 verbose addNamed [ 'caniuse-db', '1.0.30000230' ]
41 verbose addNamed [ '1.0.30000230', '1.0.30000230' ]
42 verbose cache add name="caniuse-db" spec="1.0.30000230" args=["caniuse-db","1.0.30000230"]
43 verbose parsed url { protocol: null,
43 verbose parsed url   slashes: null,
43 verbose parsed url   auth: null,
43 verbose parsed url   host: null,
43 verbose parsed url   port: null,
43 verbose parsed url   hostname: null,
43 verbose parsed url   hash: null,
43 verbose parsed url   search: null,
43 verbose parsed url   query: null,
43 verbose parsed url   pathname: '1.0.30000230',
43 verbose parsed url   path: '1.0.30000230',
43 verbose parsed url   href: '1.0.30000230' }
44 verbose addNamed [ 'caniuse-db', '1.0.30000230' ]
45 silly lockFile 85bb2180-caniuse-db-1-0-30000230 caniuse-db@1.0.30000230
46 verbose lock caniuse-db@1.0.30000230 /Users/andrewnater/.npm/85bb2180-caniuse-db-1-0-30000230.lock
47 verbose registry.get https://registry.npmjs.org/caniuse-db not expired, no request
48 silly lockFile 9752562d-e-db-caniuse-db-1-0-30000230-tgz https://registry.npmjs.org/caniuse-db/-/caniuse-db-1.0.30000230.tgz
49 verbose lock https://registry.npmjs.org/caniuse-db/-/caniuse-db-1.0.30000230.tgz /Users/andrewnater/.npm/9752562d-e-db-caniuse-db-1-0-30000230-tgz.lock
50 verbose addRemoteTarball [ 'https://registry.npmjs.org/caniuse-db/-/caniuse-db-1.0.30000230.tgz',
50 verbose addRemoteTarball   'cf4011afb29bb66bff1d16987c28a56dd3084a2e' ]
51 info retry fetch attempt 1 at 16:57:24
52 verbose fetch to= /var/folders/fx/d0crrb49547gbsppwqw939800000gn/T/npm-75297-C70J4VYg/registry.npmjs.org/caniuse-db/-/caniuse-db-1.0.30000230.tgz
53 http GET https://registry.npmjs.org/caniuse-db/-/caniuse-db-1.0.30000230.tgz
54 http 200 https://registry.npmjs.org/caniuse-db/-/caniuse-db-1.0.30000230.tgz
55 silly lockFile 9752562d-e-db-caniuse-db-1-0-30000230-tgz https://registry.npmjs.org/caniuse-db/-/caniuse-db-1.0.30000230.tgz
56 silly lockFile 9752562d-e-db-caniuse-db-1-0-30000230-tgz https://registry.npmjs.org/caniuse-db/-/caniuse-db-1.0.30000230.tgz
57 silly lockFile 85bb2180-caniuse-db-1-0-30000230 caniuse-db@1.0.30000230
58 silly lockFile 85bb2180-caniuse-db-1-0-30000230 caniuse-db@1.0.30000230
59 error Error: EACCES, mkdir '/Users/andrewnater/.npm/caniuse-db/1.0.30000230'
59 error  { [Error: EACCES, mkdir '/Users/andrewnater/.npm/caniuse-db/1.0.30000230']
59 error   errno: 3,
59 error   code: 'EACCES',
59 error   path: '/Users/andrewnater/.npm/caniuse-db/1.0.30000230',
59 error   parent: 'autoprefixer-core' }
60 error Please try running this command again as root/Administrator.
61 error System Darwin 14.4.0
62 error command "node" "/usr/local/bin/npm" "update" "caniuse-db"
63 error cwd /Users/andrewnater/Sites/Starter
64 error node -v v0.10.35
65 error npm -v 1.4.28
66 error path /Users/andrewnater/.npm/caniuse-db/1.0.30000230
67 error code EACCES
68 error errno 3
69 error stack Error: EACCES, mkdir '/Users/andrewnater/.npm/caniuse-db/1.0.30000230'
70 verbose exit [ 3, true ]
